06-Aug-2020 13:18:01.747 INFO [main] org.apache.catalina.core.ApplicationContext.log ContextListener: contextInitialized()
06-Aug-2020 13:18:01.747 INFO [main] org.apache.catalina.core.ApplicationContext.log SessionListener: contextInitialized()
06-Aug-2020 13:18:01.749 INFO [main] org.apache.catalina.core.ApplicationContext.log ContextListener: attributeAdded('StockTicker', 'async.Stockticker@49438269')
06-Aug-2020 14:35:03.154 INFO [main] org.apache.catalina.core.ApplicationContext.log ContextListener: contextInitialized()
06-Aug-2020 14:35:03.155 INFO [main] org.apache.catalina.core.ApplicationContext.log SessionListener: contextInitialized()
06-Aug-2020 14:35:03.161 INFO [main] org.apache.catalina.core.ApplicationContext.log ContextListener: attributeAdded('StockTicker', 'async.Stockticker@4c7a078')
06-Aug-2020 14:35:11.246 INFO [main] org.apache.catalina.core.ApplicationContext.log ContextListener: contextInitialized()
06-Aug-2020 14:35:11.247 INFO [main] org.apache.catalina.core.ApplicationContext.log SessionListener: contextInitialized()
06-Aug-2020 14:35:11.250 INFO [main] org.apache.catalina.core.ApplicationContext.log ContextListener: attributeAdded('StockTicker', 'async.Stockticker@30865a90')
06-Aug-2020 14:35:12.161 INFO [main] org.apache.catalina.core.ApplicationContext.log SessionListener: contextDestroyed()
06-Aug-2020 14:35:12.161 INFO [main] org.apache.catalina.core.ApplicationContext.log ContextListener: contextDestroyed()
06-Aug-2020 14:35:22.813 INFO [main] org.apache.catalina.core.ApplicationContext.log ContextListener: contextInitialized()
06-Aug-2020 14:35:22.814 INFO [main] org.apache.catalina.core.ApplicationContext.log SessionListener: contextInitialized()
06-Aug-2020 14:35:22.817 INFO [main] org.apache.catalina.core.ApplicationContext.log ContextListener: attributeAdded('StockTicker', 'async.Stockticker@3773862a')
06-Aug-2020 14:35:23.600 INFO [main] org.apache.catalina.core.ApplicationContext.log SessionListener: contextDestroyed()
06-Aug-2020 14:35:23.600 INFO [main] org.apache.catalina.core.ApplicationContext.log ContextListener: contextDestroyed()
06-Aug-2020 14:35:41.158 INFO [main] org.apache.catalina.core.ApplicationContext.log ContextListener: contextInitialized()
06-Aug-2020 14:35:41.159 INFO [main] org.apache.catalina.core.ApplicationContext.log SessionListener: contextInitialized()
06-Aug-2020 14:35:41.161 INFO [main] org.apache.catalina.core.ApplicationContext.log ContextListener: attributeAdded('StockTicker', 'async.Stockticker@302552ec')
06-Aug-2020 14:35:42.379 INFO [main] org.apache.catalina.core.ApplicationContext.log SessionListener: contextDestroyed()
06-Aug-2020 14:35:42.380 INFO [main] org.apache.catalina.core.ApplicationContext.log ContextListener: contextDestroyed()
06-Aug-2020 14:38:23.884 INFO [main] org.apache.catalina.core.ApplicationContext.log ContextListener: contextInitialized()
06-Aug-2020 14:38:23.885 INFO [main] org.apache.catalina.core.ApplicationContext.log SessionListener: contextInitialized()
06-Aug-2020 14:38:23.889 INFO [main] org.apache.catalina.core.ApplicationContext.log ContextListener: attributeAdded('StockTicker', 'async.Stockticker@ba2f4ec')
06-Aug-2020 14:39:07.303 INFO [main] org.apache.catalina.core.ApplicationContext.log ContextListener: contextInitialized()
06-Aug-2020 14:39:07.303 INFO [main] org.apache.catalina.core.ApplicationContext.log SessionListener: contextInitialized()
06-Aug-2020 14:39:07.306 INFO [main] org.apache.catalina.core.ApplicationContext.log ContextListener: attributeAdded('StockTicker', 'async.Stockticker@4c7a078')
06-Aug-2020 14:41:50.776 INFO [main] org.apache.catalina.core.ApplicationContext.log ContextListener: contextInitialized()
06-Aug-2020 14:41:50.778 INFO [main] org.apache.catalina.core.ApplicationContext.log SessionListener: contextInitialized()
06-Aug-2020 14:41:50.782 INFO [main] org.apache.catalina.core.ApplicationContext.log ContextListener: attributeAdded('StockTicker', 'async.Stockticker@2472c7d8')
